<?xml version="1.0" encoding="UTF-8"?>
<!-- Generated by org.testng.reporters.JUnitReportReporter -->
<testsuite hostname="DESKTOP-3L3U818" failures="0" tests="1" name="testScripts.RemoteTest" time="16.619" errors="0" timestamp="2024-10-22T17:43:08 IST" skipped="0">
  <testcase classname="testScripts.RemoteTest" name="remote" time="16.619"/>
</testsuite> <!-- testScripts.RemoteTest -->
