<?xml version="1.0" encoding="UTF-8"?>
<!-- Generated by org.testng.reporters.JUnitReportReporter -->
<testsuite hostname="DESKTOP-3L3U818" failures="0" tests="1" name="testScripts.TC001_AccountRegistrationPage" time="3.895" errors="0" timestamp="2024-10-26T08:15:03 IST" skipped="0">
  <testcase classname="testScripts.TC001_AccountRegistrationPage" name="verify_account_registration" time="3.895"/>
</testsuite> <!-- testScripts.TC001_AccountRegistrationPage -->
