<?xml version="1.0" encoding="UTF-8"?>
<!-- Generated by org.testng.reporters.JUnitReportReporter -->
<testsuite hostname="DESKTOP-3L3U818" failures="0" tests="5" name="testScripts.TC003_LoginPage_DDT" time="51.616" errors="0" timestamp="2024-10-22T12:37:19 IST" skipped="0">
  <testcase classname="testScripts.TC003_LoginPage_DDT" name="verify_Login_DDT" time="12.191"/>
  <testcase classname="testScripts.TC003_LoginPage_DDT" name="verify_Login_DDT" time="3.733"/>
  <testcase classname="testScripts.TC003_LoginPage_DDT" name="verify_Login_DDT" time="12.215"/>
  <testcase classname="testScripts.TC003_LoginPage_DDT" name="verify_Login_DDT" time="11.677"/>
  <testcase classname="testScripts.TC003_LoginPage_DDT" name="verify_Login_DDT" time="11.800"/>
</testsuite> <!-- testScripts.TC003_LoginPage_DDT -->
