<?xml version="1.0" encoding="UTF-8"?>
<!-- Generated by org.testng.reporters.JUnitReportReporter -->
<testsuite hostname="DESKTOP-3L3U818" failures="0" tests="1" name="testScripts.TC002_LoginPage" time="3.670" errors="0" timestamp="2024-10-26T22:49:44 IST" skipped="0">
  <testcase classname="testScripts.TC002_LoginPage" name="verifyLogin" time="3.670"/>
</testsuite> <!-- testScripts.TC002_LoginPage -->
